# JRE version: Java(TM) SE Runtime Environment (8.0_251-b08) (build 1.8.0_251-b08)
# Java VM: Java HotSpot(TM) 64-Bit Server VM (25.251-b08 mixed mode linux-amd64 compressed oops)
Heap:
 par new generation   total 368640K, used 77626K [0x00000000b5000000, 0x00000000ce000000, 0x00000000ce000000)
  eden space 327680K,  23% used [0x00000000b5000000, 0x00000000b9bceb00, 0x00000000c9000000)
  from space 40960K,   0% used [0x00000000cb800000, 0x00000000cb800000, 0x00000000ce000000)
  to   space 40960K,   0% used [0x00000000c9000000, 0x00000000c9000000, 0x00000000cb800000)
 concurrent mark-sweep generation total 392456K, used 235472K [0x00000000ce000000, 0x00000000e5f42000, 0x0000000100000000)
 Metaspace       used 83099K, capacity 84891K, committed 85012K, reserved 1122304K
  class space    used 11478K, capacity 11850K, committed 11888K, reserved 1048576K
GC Heap History (10 events):
Event: 67,945 GC heap before
{Heap before GC invocations=22 (full 6):
 par new generation   total 368640K, used 342484K [0x00000000b5000000, 0x00000000ce000000, 0x00000000ce000000)
  eden space 327680K, 100% used [0x00000000b5000000, 0x00000000c9000000, 0x00000000c9000000)
  from space 40960K,  36% used [0x00000000cb800000, 0x00000000cc6752b0, 0x00000000ce000000)
  to   space 40960K,   0% used [0x00000000c9000000, 0x00000000c9000000, 0x00000000cb800000)
 concurrent mark-sweep generation total 309316K, used 185587K [0x00000000ce000000, 0x00000000e0e11000, 0x0000000100000000)
 Metaspace       used 82359K, capacity 84189K, committed 84500K, reserved 1122304K
  class space    used 11443K, capacity 11829K, committed 11888K, reserved 1048576K
Event: 67,955 GC heap after
Heap after GC invocations=23 (full 6):
 par new generation   total 368640K, used 40960K [0x00000000b5000000, 0x00000000ce000000, 0x00000000ce000000)
  eden space 327680K,   0% used [0x00000000b5000000, 0x00000000b5000000, 0x00000000c9000000)
  from space 40960K, 100% used [0x00000000c9000000, 0x00000000cb800000, 0x00000000cb800000)
  to   space 40960K,   0% used [0x00000000cb800000, 0x00000000cb800000, 0x00000000ce000000)
 concurrent mark-sweep generation total 309316K, used 197664K [0x00000000ce000000, 0x00000000e0e11000, 0x0000000100000000)
 Metaspace       used 82359K, capacity 84189K, committed 84500K, reserved 1122304K
  class space    used 11443K, capacity 11829K, committed 11888K, reserved 1048576K
}
Event: 68,301 GC heap before
{Heap before GC invocations=23 (full 6):
 par new generation   total 368640K, used 368640K [0x00000000b5000000, 0x00000000ce000000, 0x00000000ce000000)
  eden space 327680K, 100% used [0x00000000b5000000, 0x00000000c9000000, 0x00000000c9000000)
  from space 40960K, 100% used [0x00000000c9000000, 0x00000000cb800000, 0x00000000cb800000)
  to   space 40960K,   0% used [0x00000000cb800000, 0x00000000cb800000, 0x00000000ce000000)
 concurrent mark-sweep generation total 309316K, used 197664K [0x00000000ce000000, 0x00000000e0e11000, 0x0000000100000000)
 Metaspace       used 82362K, capacity 84189K, committed 84500K, reserved 1122304K
  class space    used 11443K, capacity 11829K, committed 11888K, reserved 1048576K
Event: 68,312 GC heap after
Heap after GC invocations=24 (full 6):
 par new generation   total 368640K, used 8109K [0x00000000b5000000, 0x00000000ce000000, 0x00000000ce000000)
  eden space 327680K,   0% used [0x00000000b5000000, 0x00000000b5000000, 0x00000000c9000000)
  from space 40960K,  19% used [0x00000000cb800000, 0x00000000cbfeb680, 0x00000000ce000000)
  to   space 40960K,   0% used [0x00000000c9000000, 0x00000000c9000000, 0x00000000cb800000)
 concurrent mark-sweep generation total 309316K, used 217507K [0x00000000ce000000, 0x00000000e0e11000, 0x0000000100000000)
 Metaspace       used 82362K, capacity 84189K, committed 84500K, reserved 1122304K
  class space    used 11443K, capacity 11829K, committed 11888K, reserved 1048576K
}
Event: 68,845 GC heap before
{Heap before GC invocations=24 (full 6):
 par new generation   total 368640K, used 335789K [0x00000000b5000000, 0x00000000ce000000, 0x00000000ce000000)
  eden space 327680K, 100% used [0x00000000b5000000, 0x00000000c9000000, 0x00000000c9000000)
  from space 40960K,  19% used [0x00000000cb800000, 0x00000000cbfeb680, 0x00000000ce000000)
  to   space 40960K,   0% used [0x00000000c9000000, 0x00000000c9000000, 0x00000000cb800000)
 concurrent mark-sweep generation total 309316K, used 217507K [0x00000000ce000000, 0x00000000e0e11000, 0x0000000100000000)
 Metaspace       used 82445K, capacity 84273K, committed 84500K, reserved 1122304K
  class space    used 11451K, capacity 11843K, committed 11888K, reserved 1048576K
Event: 68,847 GC heap after
Heap after GC invocations=25 (full 6):
 par new generation   total 368640K, used 2554K [0x00000000b5000000, 0x00000000ce000000, 0x00000000ce000000)
  eden space 327680K,   0% used [0x00000000b5000000, 0x00000000b5000000, 0x00000000c9000000)
  from space 40960K,   6% used [0x00000000c9000000, 0x00000000c927eba0, 0x00000000cb800000)
  to   space 40960K,   0% used [0x00000000cb800000, 0x00000000cb800000, 0x00000000ce000000)
 concurrent mark-sweep generation total 309316K, used 217507K [0x00000000ce000000, 0x00000000e0e11000, 0x0000000100000000)
 Metaspace       used 82445K, capacity 84273K, committed 84500K, reserved 1122304K
  class space    used 11451K, capacity 11843K, committed 11888K, reserved 1048576K
}
Event: 69,179 GC heap before
{Heap before GC invocations=25 (full 6):
 par new generation   total 368640K, used 330234K [0x00000000b5000000, 0x00000000ce000000, 0x00000000ce000000)
  eden space 327680K, 100% used [0x00000000b5000000, 0x00000000c9000000, 0x00000000c9000000)
  from space 40960K,   6% used [0x00000000c9000000, 0x00000000c927eba0, 0x00000000cb800000)
  to   space 40960K,   0% used [0x00000000cb800000, 0x00000000cb800000, 0x00000000ce000000)
 concurrent mark-sweep generation total 309316K, used 217507K [0x00000000ce000000, 0x00000000e0e11000, 0x0000000100000000)
 Metaspace       used 82449K, capacity 84279K, committed 84500K, reserved 1122304K
  class space    used 11452K, capacity 11844K, committed 11888K, reserved 1048576K
Event: 69,181 GC heap after
Heap after GC invocations=26 (full 6):
 par new generation   total 368640K, used 2278K [0x00000000b5000000, 0x00000000ce000000, 0x00000000ce000000)
  eden space 327680K,   0% used [0x00000000b5000000, 0x00000000b5000000, 0x00000000c9000000)
  from space 40960K,   5% used [0x00000000cb800000, 0x00000000cba39a90, 0x00000000ce000000)
  to   space 40960K,   0% used [0x00000000c9000000, 0x00000000c9000000, 0x00000000cb800000)
 concurrent mark-sweep generation total 309316K, used 217507K [0x00000000ce000000, 0x00000000e0e11000, 0x0000000100000000)
 Metaspace       used 82449K, capacity 84279K, committed 84500K, reserved 1122304K
  class space    used 11452K, capacity 11844K, committed 11888K, reserved 1048576K
}
Event: 113,778 GC heap before
{Heap before GC invocations=26 (full 6):
 par new generation   total 368640K, used 314728K [0x00000000b5000000, 0x00000000ce000000, 0x00000000ce000000)
  eden space 327680K,  95% used [0x00000000b5000000, 0x00000000c8120678, 0x00000000c9000000)
  from space 40960K,   5% used [0x00000000cb800000, 0x00000000cba39a90, 0x00000000ce000000)
  to   space 40960K,   0% used [0x00000000c9000000, 0x00000000c9000000, 0x00000000cb800000)
 concurrent mark-sweep generation total 309316K, used 217507K [0x00000000ce000000, 0x00000000e0e11000, 0x0000000100000000)
 Metaspace       used 82857K, capacity 84675K, committed 84756K, reserved 1122304K
  class space    used 11460K, capacity 11846K, committed 11888K, reserved 1048576K
Event: 114,260 GC heap after
Heap after GC invocations=27 (full 7):
 par new generation   total 368640K, used 0K [0x00000000b5000000, 0x00000000ce000000, 0x00000000ce000000)
  eden space 327680K,   0% used [0x00000000b5000000, 0x00000000b5000000, 0x00000000c9000000)
  from space 40960K,   0% used [0x00000000cb800000, 0x00000000cb800000, 0x00000000ce000000)
  to   space 40960K,   0% used [0x00000000c9000000, 0x00000000c9000000, 0x00000000cb800000)
 concurrent mark-sweep generation total 392456K, used 235472K [0x00000000ce000000, 0x00000000e5f42000, 0x0000000100000000)
 Metaspace       used 82857K, capacity 84675K, committed 84756K, reserved 1122304K
  class space    used 11460K, capacity 11846K, committed 11888K, reserved 1048576K
}

